<?xml version="1.0" encoding="UTF-8"?>
<!-- Generated by org.testng.reporters.JUnitReportReporter -->
<testsuite skipped="0" hostname="SL-DNS-WFH-10" name="TestSCripts.CreateCustomerTest" tests="1" failures="0" timestamp="08 Sep 2021 13:47:02 GMT" time="13.050" errors="0">
  <testcase name="f" time="13.050" classname="TestSCripts.CreateCustomerTest"/>
</testsuite> <!-- TestSCripts.CreateCustomerTest -->
